2022-07-18 11:43:50.971  INFO 55662 --- [restartedMain] o.s.boot.SpringApplication               : 
  .   ____          _            __ _ _
 /\\ / ___'_ __ _ _(_)_ __  __ _ \ \ \ \
( ( )\___ | '_ | '_| | '_ \/ _` | \ \ \ \
 \\/  ___)| |_)| | | | | || (_| |  ) ) ) )
  '  |____| .__|_| |_|_| |_\__, | / / / /
 =========|_|==============|___/=/_/_/_/
[32m :: Spring Boot :: [39m              [2m (v2.7.1)[0;39m


2022-07-18 11:43:51.116  INFO 55662 --- [restartedMain] c.c.b.BootcampestudiantesApplication     : Starting BootcampestudiantesApplication using Java 11.0.15 on DESKTOP-6V7PI0E with PID 55662 (/home/alex/proyectosJava-curso/bootcampestudiantes/target/classes started by alex in /home/alex/proyectosJava-curso/bootcampestudiantes)
2022-07-18 11:43:51.118  INFO 55662 --- [restartedMain] c.c.b.BootcampestudiantesApplication     : No active profile set, falling back to 1 default profile: "default"
2022-07-18 11:43:51.216  INFO 55662 --- [restartedMain] .e.DevToolsPropertyDefaultsPostProcessor : Devtools property defaults active! Set 'spring.devtools.add-properties' to 'false' to disable
2022-07-18 11:43:51.217  INFO 55662 --- [restartedMain] .e.DevToolsPropertyDefaultsPostProcessor : For additional web related logging consider setting the 'logging.level.web' property to 'DEBUG'
2022-07-18 11:43:52.214  INFO 55662 --- [restartedMain] .s.d.r.c.RepositoryConfigurationDelegate : Bootstrapping Spring Data JPA repositories in DEFAULT mode.
2022-07-18 11:43:52.309  INFO 55662 --- [restartedMain] .s.d.r.c.RepositoryConfigurationDelegate : Finished Spring Data repository scanning in 84 ms. Found 5 JPA repository interfaces.
2022-07-18 11:43:53.130  INFO 55662 --- [restartedMain] o.s.b.w.embedded.tomcat.TomcatWebServer  : Tomcat initialized with port(s): 8080 (http)
2022-07-18 11:43:53.145  INFO 55662 --- [restartedMain] o.apache.catalina.core.StandardService   : Starting service [Tomcat]
2022-07-18 11:43:53.145  INFO 55662 --- [restartedMain] org.apache.catalina.core.StandardEngine  : Starting Servlet engine: [Apache Tomcat/9.0.64]
2022-07-18 11:43:53.500  INFO 55662 --- [restartedMain] org.apache.jasper.servlet.TldScanner     : At least one JAR was scanned for TLDs yet contained no TLDs. Enable debug logging for this logger for a complete list of JARs that were scanned but no TLDs were found in them. Skipping unneeded JARs during scanning can improve startup time and JSP compilation time.
2022-07-18 11:43:53.521  INFO 55662 --- [restartedMain] o.a.c.c.C.[Tomcat].[localhost].[/]       : Initializing Spring embedded WebApplicationContext
2022-07-18 11:43:53.521  INFO 55662 --- [restartedMain] w.s.c.ServletWebServerApplicationContext : Root WebApplicationContext: initialization completed in 2302 ms
2022-07-18 11:43:53.751  INFO 55662 --- [restartedMain] o.hibernate.jpa.internal.util.LogHelper  : HHH000204: Processing PersistenceUnitInfo [name: default]
2022-07-18 11:43:53.817  INFO 55662 --- [restartedMain] org.hibernate.Version                    : HHH000412: Hibernate ORM core version 5.6.9.Final
2022-07-18 11:43:54.016  INFO 55662 --- [restartedMain] o.hibernate.annotations.common.Version   : HCANN000001: Hibernate Commons Annotations {5.1.2.Final}
2022-07-18 11:43:54.120  INFO 55662 --- [restartedMain] com.zaxxer.hikari.HikariDataSource       : HikariPool-1 - Starting...
2022-07-18 11:43:54.217  INFO 55662 --- [restartedMain] com.zaxxer.hikari.HikariDataSource       : HikariPool-1 - Start completed.
2022-07-18 11:43:54.247  INFO 55662 --- [restartedMain] org.hibernate.dialect.Dialect            : HHH000400: Using dialect: org.hibernate.dialect.MariaDB106Dialect
2022-07-18 11:43:55.133  INFO 55662 --- [restartedMain] o.h.e.t.j.p.i.JtaPlatformInitiator       : HHH000490: Using JtaPlatform implementation: [org.hibernate.engine.transaction.jta.platform.internal.NoJtaPlatform]
2022-07-18 11:43:55.143  INFO 55662 --- [restartedMain] j.LocalContainerEntityManagerFactoryBean : Initialized JPA EntityManagerFactory for persistence unit 'default'
2022-07-18 11:43:56.179  WARN 55662 --- [restartedMain] JpaBaseConfiguration$JpaWebConfiguration : spring.jpa.open-in-view is enabled by default. Therefore, database queries may be performed during view rendering. Explicitly configure spring.jpa.open-in-view to disable this warning
2022-07-18 11:43:56.734  INFO 55662 --- [restartedMain] o.s.b.d.a.OptionalLiveReloadServer       : LiveReload server is running on port 35729
2022-07-18 11:43:56.794  INFO 55662 --- [restartedMain] o.s.b.w.embedded.tomcat.TomcatWebServer  : Tomcat started on port(s): 8080 (http) with context path ''
2022-07-18 11:43:56.814  INFO 55662 --- [restartedMain] c.c.b.BootcampestudiantesApplication     : Started BootcampestudiantesApplication in 6.395 seconds (JVM running for 7.151)
